C:\UNZIP\MINGW\STOCKFISH-MASTER\SIMPLEMENTE\SIMPLEMENTE\DEBUG\SIMPLEMENTE.OBJ
C:\UNZIP\MINGW\STOCKFISH-MASTER\SIMPLEMENTE\SIMPLEMENTE\DEBUG\VC110.PDB
C:\UNZIP\MINGW\STOCKFISH-MASTER\SIMPLEMENTE\SIMPLEMENTE\DEBUG\POSITION.OBJ
C:\UNZIP\MINGW\STOCKFISH-MASTER\SIMPLEMENTE\SIMPLEMENTE\DEBUG\XXHASH.OBJ
C:\UNZIP\MINGW\STOCKFISH-MASTER\SIMPLEMENTE\DEBUG\SIMPLEMENTE.ILK
C:\UNZIP\MINGW\STOCKFISH-MASTER\SIMPLEMENTE\DEBUG\SIMPLEMENTE.EXE
C:\UNZIP\MINGW\STOCKFISH-MASTER\SIMPLEMENTE\DEBUG\SIMPLEMENTE.PDB
C:\Unzip\MinGW\Stockfish-master\simplemente\simplemente\Debug\position.obj
C:\Unzip\MinGW\Stockfish-master\simplemente\simplemente\Debug\simplemente.obj
C:\Unzip\MinGW\Stockfish-master\simplemente\simplemente\Debug\xxhash.obj
C:\Unzip\MinGW\Stockfish-master\simplemente\simplemente\Debug\cl.command.1.tlog
C:\Unzip\MinGW\Stockfish-master\simplemente\simplemente\Debug\CL.read.1.tlog
C:\Unzip\MinGW\Stockfish-master\simplemente\simplemente\Debug\CL.write.1.tlog
C:\Unzip\MinGW\Stockfish-master\simplemente\simplemente\Debug\link-cvtres.read.1.tlog
C:\Unzip\MinGW\Stockfish-master\simplemente\simplemente\Debug\link-cvtres.write.1.tlog
C:\Unzip\MinGW\Stockfish-master\simplemente\simplemente\Debug\link-rc.read.1.tlog
C:\Unzip\MinGW\Stockfish-master\simplemente\simplemente\Debug\link-rc.write.1.tlog
C:\Unzip\MinGW\Stockfish-master\simplemente\simplemente\Debug\link.1536-cvtres.read.1.tlog
C:\Unzip\MinGW\Stockfish-master\simplemente\simplemente\Debug\link.1536-cvtres.write.1.tlog
C:\Unzip\MinGW\Stockfish-master\simplemente\simplemente\Debug\link.1536-rc.read.1.tlog
C:\Unzip\MinGW\Stockfish-master\simplemente\simplemente\Debug\link.1536-rc.write.1.tlog
C:\Unzip\MinGW\Stockfish-master\simplemente\simplemente\Debug\link.1536.read.1.tlog
C:\Unzip\MinGW\Stockfish-master\simplemente\simplemente\Debug\link.1536.write.1.tlog
C:\Unzip\MinGW\Stockfish-master\simplemente\simplemente\Debug\link.2196-cvtres.read.1.tlog
C:\Unzip\MinGW\Stockfish-master\simplemente\simplemente\Debug\link.2196-cvtres.write.1.tlog
C:\Unzip\MinGW\Stockfish-master\simplemente\simplemente\Debug\link.2196-rc.read.1.tlog
C:\Unzip\MinGW\Stockfish-master\simplemente\simplemente\Debug\link.2196-rc.write.1.tlog
C:\Unzip\MinGW\Stockfish-master\simplemente\simplemente\Debug\link.2196.read.1.tlog
C:\Unzip\MinGW\Stockfish-master\simplemente\simplemente\Debug\link.2196.write.1.tlog
C:\Unzip\MinGW\Stockfish-master\simplemente\simplemente\Debug\link.2224-cvtres.read.1.tlog
C:\Unzip\MinGW\Stockfish-master\simplemente\simplemente\Debug\link.2224-cvtres.write.1.tlog
C:\Unzip\MinGW\Stockfish-master\simplemente\simplemente\Debug\link.2224-rc.read.1.tlog
C:\Unzip\MinGW\Stockfish-master\simplemente\simplemente\Debug\link.2224-rc.write.1.tlog
C:\Unzip\MinGW\Stockfish-master\simplemente\simplemente\Debug\link.2224.read.1.tlog
C:\Unzip\MinGW\Stockfish-master\simplemente\simplemente\Debug\link.2224.write.1.tlog
C:\Unzip\MinGW\Stockfish-master\simplemente\simplemente\Debug\link.2636-cvtres.read.1.tlog
C:\Unzip\MinGW\Stockfish-master\simplemente\simplemente\Debug\link.2636-cvtres.write.1.tlog
C:\Unzip\MinGW\Stockfish-master\simplemente\simplemente\Debug\link.2636-rc.read.1.tlog
C:\Unzip\MinGW\Stockfish-master\simplemente\simplemente\Debug\link.2636-rc.write.1.tlog
C:\Unzip\MinGW\Stockfish-master\simplemente\simplemente\Debug\link.2636.read.1.tlog
C:\Unzip\MinGW\Stockfish-master\simplemente\simplemente\Debug\link.2636.write.1.tlog
C:\Unzip\MinGW\Stockfish-master\simplemente\simplemente\Debug\link.2788-cvtres.read.1.tlog
C:\Unzip\MinGW\Stockfish-master\simplemente\simplemente\Debug\link.2788-cvtres.write.1.tlog
C:\Unzip\MinGW\Stockfish-master\simplemente\simplemente\Debug\link.2788-rc.read.1.tlog
C:\Unzip\MinGW\Stockfish-master\simplemente\simplemente\Debug\link.2788-rc.write.1.tlog
C:\Unzip\MinGW\Stockfish-master\simplemente\simplemente\Debug\link.2788.read.1.tlog
C:\Unzip\MinGW\Stockfish-master\simplemente\simplemente\Debug\link.2788.write.1.tlog
C:\Unzip\MinGW\Stockfish-master\simplemente\simplemente\Debug\link.3068-cvtres.read.1.tlog
C:\Unzip\MinGW\Stockfish-master\simplemente\simplemente\Debug\link.3068-cvtres.write.1.tlog
C:\Unzip\MinGW\Stockfish-master\simplemente\simplemente\Debug\link.3068-rc.read.1.tlog
C:\Unzip\MinGW\Stockfish-master\simplemente\simplemente\Debug\link.3068-rc.write.1.tlog
C:\Unzip\MinGW\Stockfish-master\simplemente\simplemente\Debug\link.3068.read.1.tlog
C:\Unzip\MinGW\Stockfish-master\simplemente\simplemente\Debug\link.3068.write.1.tlog
C:\Unzip\MinGW\Stockfish-master\simplemente\simplemente\Debug\link.3444-cvtres.read.1.tlog
C:\Unzip\MinGW\Stockfish-master\simplemente\simplemente\Debug\link.3444-cvtres.write.1.tlog
C:\Unzip\MinGW\Stockfish-master\simplemente\simplemente\Debug\link.3444-rc.read.1.tlog
C:\Unzip\MinGW\Stockfish-master\simplemente\simplemente\Debug\link.3444-rc.write.1.tlog
C:\Unzip\MinGW\Stockfish-master\simplemente\simplemente\Debug\link.3444.read.1.tlog
C:\Unzip\MinGW\Stockfish-master\simplemente\simplemente\Debug\link.3444.write.1.tlog
C:\Unzip\MinGW\Stockfish-master\simplemente\simplemente\Debug\link.3748-cvtres.read.1.tlog
C:\Unzip\MinGW\Stockfish-master\simplemente\simplemente\Debug\link.3748-cvtres.write.1.tlog
C:\Unzip\MinGW\Stockfish-master\simplemente\simplemente\Debug\link.3748-rc.read.1.tlog
C:\Unzip\MinGW\Stockfish-master\simplemente\simplemente\Debug\link.3748-rc.write.1.tlog
C:\Unzip\MinGW\Stockfish-master\simplemente\simplemente\Debug\link.3748.read.1.tlog
C:\Unzip\MinGW\Stockfish-master\simplemente\simplemente\Debug\link.3748.write.1.tlog
C:\Unzip\MinGW\Stockfish-master\simplemente\simplemente\Debug\link.4324-cvtres.read.1.tlog
C:\Unzip\MinGW\Stockfish-master\simplemente\simplemente\Debug\link.4324-cvtres.write.1.tlog
C:\Unzip\MinGW\Stockfish-master\simplemente\simplemente\Debug\link.4324-rc.read.1.tlog
C:\Unzip\MinGW\Stockfish-master\simplemente\simplemente\Debug\link.4324-rc.write.1.tlog
C:\Unzip\MinGW\Stockfish-master\simplemente\simplemente\Debug\link.4324.read.1.tlog
C:\Unzip\MinGW\Stockfish-master\simplemente\simplemente\Debug\link.4324.write.1.tlog
C:\Unzip\MinGW\Stockfish-master\simplemente\simplemente\Debug\link.4636-cvtres.read.1.tlog
C:\Unzip\MinGW\Stockfish-master\simplemente\simplemente\Debug\link.4636-cvtres.write.1.tlog
C:\Unzip\MinGW\Stockfish-master\simplemente\simplemente\Debug\link.4636-rc.read.1.tlog
C:\Unzip\MinGW\Stockfish-master\simplemente\simplemente\Debug\link.4636-rc.write.1.tlog
C:\Unzip\MinGW\Stockfish-master\simplemente\simplemente\Debug\link.4636.read.1.tlog
C:\Unzip\MinGW\Stockfish-master\simplemente\simplemente\Debug\link.4636.write.1.tlog
C:\Unzip\MinGW\Stockfish-master\simplemente\simplemente\Debug\link.4848-cvtres.read.1.tlog
C:\Unzip\MinGW\Stockfish-master\simplemente\simplemente\Debug\link.4848-cvtres.write.1.tlog
C:\Unzip\MinGW\Stockfish-master\simplemente\simplemente\Debug\link.4848-rc.read.1.tlog
C:\Unzip\MinGW\Stockfish-master\simplemente\simplemente\Debug\link.4848-rc.write.1.tlog
C:\Unzip\MinGW\Stockfish-master\simplemente\simplemente\Debug\link.4848.read.1.tlog
C:\Unzip\MinGW\Stockfish-master\simplemente\simplemente\Debug\link.4848.write.1.tlog
C:\Unzip\MinGW\Stockfish-master\simplemente\simplemente\Debug\link.5000-cvtres.read.1.tlog
C:\Unzip\MinGW\Stockfish-master\simplemente\simplemente\Debug\link.5000-cvtres.write.1.tlog
C:\Unzip\MinGW\Stockfish-master\simplemente\simplemente\Debug\link.5000-rc.read.1.tlog
C:\Unzip\MinGW\Stockfish-master\simplemente\simplemente\Debug\link.5000-rc.write.1.tlog
C:\Unzip\MinGW\Stockfish-master\simplemente\simplemente\Debug\link.5000.read.1.tlog
C:\Unzip\MinGW\Stockfish-master\simplemente\simplemente\Debug\link.5000.write.1.tlog
C:\Unzip\MinGW\Stockfish-master\simplemente\simplemente\Debug\link.5172-cvtres.read.1.tlog
C:\Unzip\MinGW\Stockfish-master\simplemente\simplemente\Debug\link.5172-cvtres.write.1.tlog
C:\Unzip\MinGW\Stockfish-master\simplemente\simplemente\Debug\link.5172-rc.read.1.tlog
C:\Unzip\MinGW\Stockfish-master\simplemente\simplemente\Debug\link.5172-rc.write.1.tlog
C:\Unzip\MinGW\Stockfish-master\simplemente\simplemente\Debug\link.5172.read.1.tlog
C:\Unzip\MinGW\Stockfish-master\simplemente\simplemente\Debug\link.5172.write.1.tlog
C:\Unzip\MinGW\Stockfish-master\simplemente\simplemente\Debug\link.5244-cvtres.read.1.tlog
C:\Unzip\MinGW\Stockfish-master\simplemente\simplemente\Debug\link.5244-cvtres.write.1.tlog
C:\Unzip\MinGW\Stockfish-master\simplemente\simplemente\Debug\link.5244-rc.read.1.tlog
C:\Unzip\MinGW\Stockfish-master\simplemente\simplemente\Debug\link.5244-rc.write.1.tlog
C:\Unzip\MinGW\Stockfish-master\simplemente\simplemente\Debug\link.5244.read.1.tlog
C:\Unzip\MinGW\Stockfish-master\simplemente\simplemente\Debug\link.5244.write.1.tlog
C:\Unzip\MinGW\Stockfish-master\simplemente\simplemente\Debug\link.5364-cvtres.read.1.tlog
C:\Unzip\MinGW\Stockfish-master\simplemente\simplemente\Debug\link.5364-cvtres.write.1.tlog
C:\Unzip\MinGW\Stockfish-master\simplemente\simplemente\Debug\link.5364-rc.read.1.tlog
C:\Unzip\MinGW\Stockfish-master\simplemente\simplemente\Debug\link.5364-rc.write.1.tlog
C:\Unzip\MinGW\Stockfish-master\simplemente\simplemente\Debug\link.5364.read.1.tlog
C:\Unzip\MinGW\Stockfish-master\simplemente\simplemente\Debug\link.5364.write.1.tlog
C:\Unzip\MinGW\Stockfish-master\simplemente\simplemente\Debug\link.5496-cvtres.read.1.tlog
C:\Unzip\MinGW\Stockfish-master\simplemente\simplemente\Debug\link.5496-cvtres.write.1.tlog
C:\Unzip\MinGW\Stockfish-master\simplemente\simplemente\Debug\link.5496-rc.read.1.tlog
C:\Unzip\MinGW\Stockfish-master\simplemente\simplemente\Debug\link.5496-rc.write.1.tlog
C:\Unzip\MinGW\Stockfish-master\simplemente\simplemente\Debug\link.5496.read.1.tlog
C:\Unzip\MinGW\Stockfish-master\simplemente\simplemente\Debug\link.5496.write.1.tlog
C:\Unzip\MinGW\Stockfish-master\simplemente\simplemente\Debug\link.5732-cvtres.read.1.tlog
C:\Unzip\MinGW\Stockfish-master\simplemente\simplemente\Debug\link.5732-cvtres.write.1.tlog
C:\Unzip\MinGW\Stockfish-master\simplemente\simplemente\Debug\link.5732-rc.read.1.tlog
C:\Unzip\MinGW\Stockfish-master\simplemente\simplemente\Debug\link.5732-rc.write.1.tlog
C:\Unzip\MinGW\Stockfish-master\simplemente\simplemente\Debug\link.5732.read.1.tlog
C:\Unzip\MinGW\Stockfish-master\simplemente\simplemente\Debug\link.5732.write.1.tlog
C:\Unzip\MinGW\Stockfish-master\simplemente\simplemente\Debug\link.5984-cvtres.read.1.tlog
C:\Unzip\MinGW\Stockfish-master\simplemente\simplemente\Debug\link.5984-cvtres.write.1.tlog
C:\Unzip\MinGW\Stockfish-master\simplemente\simplemente\Debug\link.5984-rc.read.1.tlog
C:\Unzip\MinGW\Stockfish-master\simplemente\simplemente\Debug\link.5984-rc.write.1.tlog
C:\Unzip\MinGW\Stockfish-master\simplemente\simplemente\Debug\link.5984.read.1.tlog
C:\Unzip\MinGW\Stockfish-master\simplemente\simplemente\Debug\link.5984.write.1.tlog
C:\Unzip\MinGW\Stockfish-master\simplemente\simplemente\Debug\link.command.1.tlog
C:\Unzip\MinGW\Stockfish-master\simplemente\simplemente\Debug\link.read.1.tlog
C:\Unzip\MinGW\Stockfish-master\simplemente\simplemente\Debug\link.write.1.tlog
C:\Unzip\MinGW\Stockfish-master\simplemente\simplemente\Debug\vc110.idb
C:\Unzip\MinGW\Stockfish-master\simplemente\simplemente\Debug\vc110.pdb
C:\Unzip\MinGW\Stockfish-master\simplemente\Debug\simplemente.pdb
C:\Unzip\MinGW\Stockfish-master\simplemente\Debug\simplemente.exe
C:\Unzip\MinGW\Stockfish-master\simplemente\Debug\simplemente.ilk
