Build started 2015.03.07. 9:09:44.
     1>Project "C:\Unzip\MinGW\Stockfish-master\simplemente\simplemente\simplemente.vcxproj" on node 2 (Build target(s)).
     1>ClCompile:
         C:\Program Files (x86)\Microsoft Visual Studio 11.0\VC\bin\CL.exe /c /ZI /nologo /W3 /WX- /Od /Oy- /D WIN32 /D _DEBUG /D _CONSOLE /D _UNICODE /D UNICODE /Gm /EHsc /RTC1 /MDd /GS /fp:precise /Zc:wchar_t /Zc:forScope /Fo"Debug\\" /Fd"Debug\vc110.pdb" /Gd /TP /analyze- /errorReport:prompt position.cpp simplemente.cpp xboard.cpp xchenard\attack.cpp xchenard\board.cpp xchenard\canmove.cpp xchenard\chenga.cpp xchenard\chengene.cpp xchenard\crand.cpp xchenard\egdbase.cpp xchenard\endgame.cpp xchenard\eval.cpp xchenard\fancy.cpp xchenard\game.cpp xchenard\gamefile.cpp xchenard\gencaps.cpp xchenard\genmove.cpp xchenard\human.cpp xchenard\lrntree.cpp xchenard\material.cpp xchenard\misc.cpp xchenard\morder.cpp xchenard\move.cpp xchenard\openbook.cpp xchenard\opening.cpp xchenard\player.cpp xchenard\search.cpp xchenard\textundo.cpp xchenard\transpos.cpp xchenard\ui.cpp xchenard\uixboard.cpp xchenard\unmove.cpp xchenard\wintime.cpp xchenard\xchenard.cpp
         xchenard.cpp
         wintime.cpp
         unmove.cpp
         uixboard.cpp
         ui.cpp
         transpos.cpp
         textundo.cpp
         search.cpp
         player.cpp
         opening.cpp
         openbook.cpp
         move.cpp
         morder.cpp
         misc.cpp
         material.cpp
         lrntree.cpp
         human.cpp
         genmove.cpp
         gencaps.cpp
         gamefile.cpp
         Generating Code...
         Compiling...
         game.cpp
         fancy.cpp
         eval.cpp
         endgame.cpp
         egdbase.cpp
         crand.cpp
         chengene.cpp
         chenga.cpp
         canmove.cpp
         board.cpp
         attack.cpp
         xboard.cpp
         simplemente.cpp
         position.cpp
         Generating Code...
       Link:
         C:\Program Files (x86)\Microsoft Visual Studio 11.0\VC\bin\link.exe /ERRORREPORT:PROMPT /OUT:"C:\Unzip\MinGW\Stockfish-master\simplemente\Debug\simplemente.exe" /INCREMENTAL /NOLOGO kernel32.lib user32.lib gdi32.lib winspool.lib comdlg32.lib advapi32.lib shell32.lib ole32.lib oleaut32.lib uuid.lib odbc32.lib odbccp32.lib /MANIFEST /MANIFESTUAC:"level='asInvoker' uiAccess='false'" /manifest:embed /DEBUG /PDB:"C:\Unzip\MinGW\Stockfish-master\simplemente\Debug\simplemente.pdb" /SUBSYSTEM:CONSOLE /TLBID:1 /DYNAMICBASE /NXCOMPAT /IMPLIB:"C:\Unzip\MinGW\Stockfish-master\simplemente\Debug\simplemente.lib" /MACHINE:X86 Debug\position.obj
         Debug\simplemente.obj
         Debug\xboard.obj
         Debug\attack.obj
         Debug\board.obj
         Debug\canmove.obj
         Debug\chenga.obj
         Debug\chengene.obj
         Debug\crand.obj
         Debug\egdbase.obj
         Debug\endgame.obj
         Debug\eval.obj
         Debug\fancy.obj
         Debug\game.obj
         Debug\gamefile.obj
         Debug\gencaps.obj
         Debug\genmove.obj
         Debug\human.obj
         Debug\lrntree.obj
         Debug\material.obj
         Debug\misc.obj
         Debug\morder.obj
         Debug\move.obj
         Debug\openbook.obj
         Debug\opening.obj
         Debug\player.obj
         Debug\search.obj
         Debug\textundo.obj
         Debug\transpos.obj
         Debug\ui.obj
         Debug\uixboard.obj
         Debug\unmove.obj
         Debug\wintime.obj
         Debug\xchenard.obj
         Debug\xxhash.obj
         simplemente.vcxproj -> C:\Unzip\MinGW\Stockfish-master\simplemente\Debug\simplemente.exe
     1>Done Building Project "C:\Unzip\MinGW\Stockfish-master\simplemente\simplemente\simplemente.vcxproj" (Build target(s)).

Build succeeded.

Time Elapsed 00:00:08.88
