C:\UNZIP\MINGW\STOCKFISH-MASTER\SIMPLEMENTE\SIMPLEMENTE\RELEASE\XXHASH.OBJ
C:\UNZIP\MINGW\STOCKFISH-MASTER\SIMPLEMENTE\SIMPLEMENTE\RELEASE\VC110.PDB
C:\UNZIP\MINGW\STOCKFISH-MASTER\SIMPLEMENTE\RELEASE\SIMPLEMENTE.EXE
C:\UNZIP\MINGW\STOCKFISH-MASTER\SIMPLEMENTE\RELEASE\SIMPLEMENTE.PDB
C:\Unzip\MinGW\Stockfish-master\simplemente\simplemente\Release\position.obj
C:\Unzip\MinGW\Stockfish-master\simplemente\simplemente\Release\simplemente.obj
C:\Unzip\MinGW\Stockfish-master\simplemente\simplemente\Release\xxhash.obj
C:\Unzip\MinGW\Stockfish-master\simplemente\simplemente\Release\cl.command.1.tlog
C:\Unzip\MinGW\Stockfish-master\simplemente\simplemente\Release\CL.read.1.tlog
C:\Unzip\MinGW\Stockfish-master\simplemente\simplemente\Release\CL.write.1.tlog
C:\Unzip\MinGW\Stockfish-master\simplemente\simplemente\Release\link-cvtres.read.1.tlog
C:\Unzip\MinGW\Stockfish-master\simplemente\simplemente\Release\link-cvtres.write.1.tlog
C:\Unzip\MinGW\Stockfish-master\simplemente\simplemente\Release\link-rc.read.1.tlog
C:\Unzip\MinGW\Stockfish-master\simplemente\simplemente\Release\link-rc.write.1.tlog
C:\Unzip\MinGW\Stockfish-master\simplemente\simplemente\Release\link.command.1.tlog
C:\Unzip\MinGW\Stockfish-master\simplemente\simplemente\Release\link.read.1.tlog
C:\Unzip\MinGW\Stockfish-master\simplemente\simplemente\Release\link.write.1.tlog
C:\Unzip\MinGW\Stockfish-master\simplemente\simplemente\Release\vc110.pdb
C:\Unzip\MinGW\Stockfish-master\simplemente\Release\simplemente.pdb
C:\Unzip\MinGW\Stockfish-master\simplemente\Release\simplemente.exe
