Build started 2015.03.10. 20:41:51.
     1>Project "C:\Unzip\MinGW\Stockfish-master\simplemente\simplemente\simplemente.vcxproj" on node 2 (Build target(s)).
     1>ClCompile:
         C:\Program Files (x86)\Microsoft Visual Studio 11.0\VC\bin\CL.exe /c /Zi /nologo /W3 /WX- /O2 /Oi /Oy- /GL /D WIN32 /D NDEBUG /D _CONSOLE /D _UNICODE /D UNICODE /Gm- /EHsc /MD /GS /Gy /fp:precise /Zc:wchar_t /Zc:forScope /Fo"Release\\" /Fd"Release\vc110.pdb" /Gd /TP /analyze- /errorReport:prompt deep.cpp diskhash.cpp position.cpp simplemente.cpp xboard.cpp xchenard\xchenard.cpp
         deep.cpp
         diskhash.cpp
         position.cpp
         simplemente.cpp
         xboard.cpp
         xchenard.cpp
       Link:
         C:\Program Files (x86)\Microsoft Visual Studio 11.0\VC\bin\link.exe /ERRORREPORT:PROMPT /OUT:"C:\Unzip\MinGW\Stockfish-master\simplemente\Release\simplemente.exe" /INCREMENTAL:NO /NOLOGO kernel32.lib user32.lib gdi32.lib winspool.lib comdlg32.lib advapi32.lib shell32.lib ole32.lib oleaut32.lib uuid.lib odbc32.lib odbccp32.lib /MANIFEST /MANIFESTUAC:"level='asInvoker' uiAccess='false'" /manifest:embed /DEBUG /PDB:"C:\Unzip\MinGW\Stockfish-master\simplemente\Release\simplemente.pdb" /SUBSYSTEM:CONSOLE /OPT:REF /OPT:ICF /LTCG /TLBID:1 /DYNAMICBASE /NXCOMPAT /IMPLIB:"C:\Unzip\MinGW\Stockfish-master\simplemente\Release\simplemente.lib" /MACHINE:X86 /SAFESEH Release\deep.obj
         Release\diskhash.obj
         Release\position.obj
         Release\simplemente.obj
         Release\xboard.obj
         Release\attack.obj
         Release\board.obj
         Release\canmove.obj
         Release\chenga.obj
         Release\chengene.obj
         Release\crand.obj
         Release\egdbase.obj
         Release\endgame.obj
         Release\eval.obj
         Release\fancy.obj
         Release\game.obj
         Release\gamefile.obj
         Release\gencaps.obj
         Release\genmove.obj
         Release\human.obj
         Release\lrntree.obj
         Release\material.obj
         Release\misc.obj
         Release\morder.obj
         Release\move.obj
         Release\openbook.obj
         Release\opening.obj
         Release\player.obj
         Release\search.obj
         Release\textundo.obj
         Release\transpos.obj
         Release\ui.obj
         Release\uixboard.obj
         Release\unmove.obj
         Release\wintime.obj
         Release\xchenard.obj
         Release\xxhash.obj
         Generating code
         Finished generating code
         simplemente.vcxproj -> C:\Unzip\MinGW\Stockfish-master\simplemente\Release\simplemente.exe
     1>Done Building Project "C:\Unzip\MinGW\Stockfish-master\simplemente\simplemente\simplemente.vcxproj" (Build target(s)).

Build succeeded.

Time Elapsed 00:00:05.69
